[debug] [2024-11-14T18:25:31.427Z] ----------------------------------------------------------------------
[debug] [2024-11-14T18:25:31.437Z] Command:       C:\Program Files\nodejs\node.exe C:\Program Files\nodejs\node_modules\firebase-tools\lib\bin\firebase.js init
[debug] [2024-11-14T18:25:31.438Z] CLI Version:   13.25.0
[debug] [2024-11-14T18:25:31.439Z] Platform:      win32
[debug] [2024-11-14T18:25:31.439Z] Node Version:  v20.17.0
[debug] [2024-11-14T18:25:31.440Z] Time:          Thu Nov 14 2024 12:25:31 GMT-0600 (hora estándar central)
[debug] [2024-11-14T18:25:31.440Z] ----------------------------------------------------------------------
[debug] 
[debug] [2024-11-14T18:25:31.463Z] > command requires scopes: ["email","openid","https://www.googleapis.com/auth/cloudplatformprojects.readonly","https://www.googleapis.com/auth/firebase","https://www.googleapis.com/auth/cloud-platform"]
[debug] [2024-11-14T18:25:31.466Z] > authorizing via signed-in user (2022171032@uteq.edu.mx)
[info] 
     ######## #### ########  ######## ########     ###     ######  ########
     ##        ##  ##     ## ##       ##     ##  ##   ##  ##       ##
     ######    ##  ########  ######   ########  #########  ######  ######
     ##        ##  ##    ##  ##       ##     ## ##     ##       ## ##
     ##       #### ##     ## ######## ########  ##     ##  ######  ########

You're about to initialize a Firebase project in this directory:

  C:\Users\XITLALY\Downloads\Cocina\practicas-idgs08

[info] 
=== Project Setup
[info] 
[info] First, let's associate this project directory with a Firebase project.
[info] You can create multiple project aliases by running firebase use --add, 
[info] but for now we'll just set up a default project.
[info] 
[debug] [2024-11-14T18:25:42.257Z] Checked if tokens are valid: true, expires at: 1731611601781
[debug] [2024-11-14T18:25:42.258Z] Checked if tokens are valid: true, expires at: 1731611601781
[debug] [2024-11-14T18:25:42.265Z] >>> [apiv2][query] GET https://firebase.googleapis.com/v1beta1/projects pageSize=100
[debug] [2024-11-14T18:25:42.999Z] <<< [apiv2][status] GET https://firebase.googleapis.com/v1beta1/projects 200
[debug] [2024-11-14T18:25:43.000Z] <<< [apiv2][body] GET https://firebase.googleapis.com/v1beta1/projects [omitted]
[info] i  Using project ionic-bf033 (ionic) 
[info] 
=== Hosting Setup
[debug] [2024-11-14T18:25:44.766Z] Checked if tokens are valid: true, expires at: 1731611601781
[debug] [2024-11-14T18:25:44.766Z] Checked if tokens are valid: true, expires at: 1731611601781
[debug] [2024-11-14T18:25:44.767Z] >>> [apiv2][query] GET https://firebase.googleapis.com/v1beta1/projects/ionic-bf033 [none]
[debug] [2024-11-14T18:25:45.044Z] <<< [apiv2][status] GET https://firebase.googleapis.com/v1beta1/projects/ionic-bf033 200
[debug] [2024-11-14T18:25:45.044Z] <<< [apiv2][body] GET https://firebase.googleapis.com/v1beta1/projects/ionic-bf033 {"projectId":"ionic-bf033","projectNumber":"619996819175","displayName":"ionic","name":"projects/ionic-bf033","resources":{"hostingSite":"ionic-bf033"},"state":"ACTIVE","etag":"1_0f52d8ee-c128-430b-8272-cd883760fcb6"}
[info] 
[info] Your public directory is the folder (relative to your project directory) that
[info] will contain Hosting assets to be uploaded with firebase deploy. If you
[info] have a build process for your assets, use your build's output directory.
[info] 
[debug] [2024-11-14T18:26:48.419Z] >>> [apiv2][query] GET https://www.gstatic.com/firebasejs/releases.json [none]
[debug] [2024-11-14T18:26:48.722Z] <<< [apiv2][status] GET https://www.gstatic.com/firebasejs/releases.json 200
[debug] [2024-11-14T18:26:48.722Z] <<< [apiv2][body] GET https://www.gstatic.com/firebasejs/releases.json {"current":{"version":"11.0.2","browserURL":"https://www.gstatic.com/firebasejs/11.0.2/firebase.js","packageURL":"https://www.gstatic.com/firebasejs/11.0.2/firebase.tgz"},"live":{"version":"11.0","browserURL":"https://www.gstatic.com/firebasejs/live/11.0/firebase.js","packageURL":"https://www.gstatic.com/firebasejs/live/11.0/firebase.tgz"},"components":{"analytics":"https://www.gstatic.com/firebasejs/11.0.2/firebase-analytics.js","app":"https://www.gstatic.com/firebasejs/11.0.2/firebase-app.js","app-check":"https://www.gstatic.com/firebasejs/11.0.2/firebase-app-check.js","auth":"https://www.gstatic.com/firebasejs/11.0.2/firebase-auth.js","auth/cordova":"https://www.gstatic.com/firebasejs/11.0.2/firebase-auth/cordova.js","auth/web-extension":"https://www.gstatic.com/firebasejs/11.0.2/firebase-auth/web-extension.js","functions":"https://www.gstatic.com/firebasejs/11.0.2/firebase-functions.js","firestore":"https://www.gstatic.com/firebasejs/11.0.2/firebase-firestore.js","firestore/lite":"https://www.gstatic.com/firebasejs/11.0.2/firebase-firestore/lite.js","installations":"https://www.gstatic.com/firebasejs/11.0.2/firebase-installations.js","storage":"https://www.gstatic.com/firebasejs/11.0.2/firebase-storage.js","performance":"https://www.gstatic.com/firebasejs/11.0.2/firebase-performance.js","remote-config":"https://www.gstatic.com/firebasejs/11.0.2/firebase-remote-config.js","messaging":"https://www.gstatic.com/firebasejs/11.0.2/firebase-messaging.js","messaging/sw":"https://www.gstatic.com/firebasejs/11.0.2/firebase-messaging/sw.js","database":"https://www.gstatic.com/firebasejs/11.0.2/firebase-database.js","vertexai":"https://www.gstatic.com/firebasejs/11.0.2/firebase-vertexai.js","data-connect":"https://www.gstatic.com/firebasejs/11.0.2/firebase-data-connect.js","firestore.memory":"https://www.gstatic.com/firebasejs/11.0.2/firebase-firestore.memory.js"}}
[info] +  Wrote www/index.html 
[info] 
[info] i  Detected a .git folder at C:\Users\XITLALY\Downloads\Cocina\practicas-idgs08 
[info] i  Authorizing with GitHub to upload your service account to a GitHub repository's secrets store. 
[info] 
[info] Visit this URL on this device to log in:
[info] https://github.com/login/oauth/authorize?client_id=89cf50f02ac6aaed3484&state=51028207&redirect_uri=http%3A%2F%2Flocalhost%3A9005&scope=read%3Auser%20repo%20public_repo
[info] 
[info] Waiting for authentication...
[debug] [2024-11-14T18:26:58.209Z] >>> [apiv2][query] POST https://github.com/login/oauth/access_token [none]
[debug] [2024-11-14T18:26:58.210Z] >>> [apiv2][body] POST https://github.com/login/oauth/access_token [stream]
[debug] [2024-11-14T18:26:58.623Z] <<< [apiv2][status] POST https://github.com/login/oauth/access_token 200
[debug] [2024-11-14T18:26:58.623Z] <<< [apiv2][body] POST https://github.com/login/oauth/access_token {"access_token":"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","token_type":"bearer","scope":"read:user,repo"}
[debug] [2024-11-14T18:26:58.639Z] >>> [apiv2][query] GET https://api.github.com/user [none]
[debug] [2024-11-14T18:26:59.213Z] <<< [apiv2][status] GET https://api.github.com/user 200
[debug] [2024-11-14T18:26:59.213Z] <<< [apiv2][body] GET https://api.github.com/user {"login":"AnaVel2002","id":184429908,"node_id":"U_kgDOCv4tVA","avatar_url":"https://avatars.githubusercontent.com/u/184429908?v=4","gravatar_id":"","url":"https://api.github.com/users/AnaVel2002","html_url":"https://github.com/AnaVel2002","followers_url":"https://api.github.com/users/AnaVel2002/followers","following_url":"https://api.github.com/users/AnaVel2002/following{/other_user}","gists_url":"https://api.github.com/users/AnaVel2002/gists{/gist_id}","starred_url":"https://api.github.com/users/AnaVel2002/starred{/owner}{/repo}","subscriptions_url":"https://api.github.com/users/AnaVel2002/subscriptions","organizations_url":"https://api.github.com/users/AnaVel2002/orgs","repos_url":"https://api.github.com/users/AnaVel2002/repos","events_url":"https://api.github.com/users/AnaVel2002/events{/privacy}","received_events_url":"https://api.github.com/users/AnaVel2002/received_events","type":"User","user_view_type":"private","site_admin":false,"name":null,"company":null,"blog":"","location":null,"email":null,"hireable":null,"bio":null,"twitter_username":null,"notification_email":null,"public_repos":3,"public_gists":0,"followers":0,"following":0,"created_at":"2024-10-09T17:58:27Z","updated_at":"2024-11-14T17:35:54Z","private_gists":0,"total_private_repos":2,"owned_private_repos":2,"disk_usage":405,"collaborators":0,"two_factor_authentication":false,"plan":{"name":"free","space":976562499,"collaborators":0,"private_repos":10000}}
[info] 
[info] +  Success! Logged into GitHub as AnaVel2002 
[info] 
